<?xml version="1.0" encoding="UTF-8"?>
<coverage generated="1543868564531" clover="3.2.0">
  <project timestamp="1543868564531" name="All files">
    <metrics statements="114" coveredstatements="114" conditionals="0" coveredconditionals="0" methods="41" coveredmethods="41" elements="155" coveredelements="155" complexity="0" loc="114" ncloc="114" packages="2" files="3" classes="3">
      <package name="bedenkog-local-news-comments">
        <metrics statements="43" coveredstatements="43" conditionals="0" coveredconditionals="0" methods="7" coveredmethods="7"/>
        <file name="comments-api.js" path="/home/genaro/Desktop/340CT/bedenkog-local-news-comments/comments-api.js">
          <metrics statements="43" coveredstatements="43" conditionals="0" coveredconditionals="0" methods="7" coveredmethods="7"/>
          <line num="5" count="1" type="stmt"/>
          <line num="8" count="1" type="stmt"/>
          <line num="9" count="1" type="stmt"/>
          <line num="10" count="1" type="stmt"/>
          <line num="13" count="1" type="stmt"/>
          <line num="14" count="1" type="stmt"/>
          <line num="15" count="1" type="stmt"/>
          <line num="18" count="1" type="stmt"/>
          <line num="21" count="1" type="stmt"/>
          <line num="24" count="1" type="stmt"/>
          <line num="27" count="1" type="stmt"/>
          <line num="28" count="10" type="stmt"/>
          <line num="29" count="10" type="stmt"/>
          <line num="30" count="10" type="stmt"/>
          <line num="34" count="1" type="stmt"/>
          <line num="37" count="2" type="stmt"/>
          <line num="40" count="2" type="stmt"/>
          <line num="43" count="2" type="stmt"/>
          <line num="44" count="2" type="stmt"/>
          <line num="48" count="1" type="stmt"/>
          <line num="51" count="2" type="stmt"/>
          <line num="54" count="2" type="stmt"/>
          <line num="57" count="2" type="stmt"/>
          <line num="58" count="2" type="stmt"/>
          <line num="62" count="1" type="stmt"/>
          <line num="65" count="2" type="stmt"/>
          <line num="68" count="2" type="stmt"/>
          <line num="71" count="2" type="stmt"/>
          <line num="72" count="2" type="stmt"/>
          <line num="76" count="1" type="stmt"/>
          <line num="79" count="2" type="stmt"/>
          <line num="82" count="2" type="stmt"/>
          <line num="85" count="2" type="stmt"/>
          <line num="86" count="2" type="stmt"/>
          <line num="90" count="1" type="stmt"/>
          <line num="93" count="2" type="stmt"/>
          <line num="96" count="2" type="stmt"/>
          <line num="99" count="2" type="stmt"/>
          <line num="100" count="2" type="stmt"/>
          <line num="104" count="1" type="stmt"/>
          <line num="105" count="1" type="stmt"/>
          <line num="108" count="1" type="stmt"/>
          <line num="111" count="1" type="stmt"/>
        </file>
      </package>
      <package name="bedenkog-local-news-comments.modules">
        <metrics statements="71" coveredstatements="71" conditionals="0" coveredconditionals="0" methods="34" coveredmethods="34"/>
        <file name="comments-controller.js" path="/home/genaro/Desktop/340CT/bedenkog-local-news-comments/modules/comments-controller.js">
          <metrics statements="28" coveredstatements="28" conditionals="0" coveredconditionals="0" methods="10" coveredmethods="10"/>
          <line num="3" count="2" type="stmt"/>
          <line num="4" count="2" type="stmt"/>
          <line num="6" count="2" type="stmt"/>
          <line num="9" count="2" type="stmt"/>
          <line num="11" count="1" type="stmt"/>
          <line num="12" count="1" type="stmt"/>
          <line num="14" count="1" type="stmt"/>
          <line num="16" count="1" type="stmt"/>
          <line num="20" count="2" type="stmt"/>
          <line num="22" count="1" type="stmt"/>
          <line num="23" count="1" type="stmt"/>
          <line num="25" count="1" type="stmt"/>
          <line num="27" count="1" type="stmt"/>
          <line num="31" count="2" type="stmt"/>
          <line num="35" count="1" type="stmt"/>
          <line num="36" count="1" type="stmt"/>
          <line num="39" count="1" type="stmt"/>
          <line num="42" count="1" type="stmt"/>
          <line num="46" count="2" type="stmt"/>
          <line num="48" count="1" type="stmt"/>
          <line num="49" count="1" type="stmt"/>
          <line num="51" count="1" type="stmt"/>
          <line num="53" count="1" type="stmt"/>
          <line num="57" count="2" type="stmt"/>
          <line num="59" count="1" type="stmt"/>
          <line num="60" count="1" type="stmt"/>
          <line num="62" count="1" type="stmt"/>
          <line num="64" count="1" type="stmt"/>
        </file>
        <file name="comments-db.js" path="/home/genaro/Desktop/340CT/bedenkog-local-news-comments/modules/comments-db.js">
          <metrics statements="43" coveredstatements="43" conditionals="0" coveredconditionals="0" methods="24" coveredmethods="24"/>
          <line num="4" count="3" type="stmt"/>
          <line num="5" count="3" type="stmt"/>
          <line num="7" count="3" type="stmt"/>
          <line num="10" count="5" type="stmt"/>
          <line num="12" count="5" type="stmt"/>
          <line num="16" count="5" type="stmt"/>
          <line num="18" count="5" type="stmt"/>
          <line num="20" count="5" type="stmt"/>
          <line num="21" count="5" type="stmt"/>
          <line num="22" count="5" type="stmt"/>
          <line num="23" count="5" type="stmt"/>
          <line num="29" count="3" type="stmt"/>
          <line num="33" count="1" type="stmt"/>
          <line num="36" count="1" type="stmt"/>
          <line num="40" count="1" type="stmt"/>
          <line num="41" count="1" type="stmt"/>
          <line num="42" count="1" type="stmt"/>
          <line num="49" count="3" type="stmt"/>
          <line num="51" count="1" type="stmt"/>
          <line num="53" count="1" type="stmt"/>
          <line num="55" count="1" type="stmt"/>
          <line num="56" count="1" type="stmt"/>
          <line num="57" count="1" type="stmt"/>
          <line num="63" count="3" type="stmt"/>
          <line num="67" count="1" type="stmt"/>
          <line num="69" count="1" type="stmt"/>
          <line num="71" count="1" type="stmt"/>
          <line num="72" count="1" type="stmt"/>
          <line num="73" count="1" type="stmt"/>
          <line num="74" count="1" type="stmt"/>
          <line num="80" count="6" type="stmt"/>
          <line num="84" count="6" type="stmt"/>
          <line num="86" count="5" type="stmt"/>
          <line num="88" count="5" type="stmt"/>
          <line num="89" count="5" type="stmt"/>
          <line num="90" count="5" type="stmt"/>
          <line num="91" count="5" type="stmt"/>
          <line num="97" count="6" type="stmt"/>
          <line num="99" count="6" type="stmt"/>
          <line num="101" count="6" type="stmt"/>
          <line num="103" count="6" type="stmt"/>
          <line num="104" count="6" type="stmt"/>
          <line num="105" count="6" type="stmt"/>
        </file>
      </package>
    </metrics>
  </project>
</coverage>
