{"/home/genaro/Desktop/340CT/bedenkog-local-news-comments/comments-api.js": {"path":"/home/genaro/Desktop/340CT/bedenkog-local-news-comments/comments-api.js","statementMap":{"0":{"start":{"line":5,"column":0},"end":{"line":5,"column":48}},"1":{"start":{"line":8,"column":12},"end":{"line":8,"column":26}},"2":{"start":{"line":9,"column":15},"end":{"line":9,"column":36}},"3":{"start":{"line":10,"column":19},"end":{"line":10,"column":44}},"4":{"start":{"line":13,"column":12},"end":{"line":13,"column":21}},"5":{"start":{"line":14,"column":0},"end":{"line":14,"column":21}},"6":{"start":{"line":15,"column":15},"end":{"line":15,"column":27}},"7":{"start":{"line":18,"column":15},"end":{"line":18,"column":43}},"8":{"start":{"line":21,"column":13},"end":{"line":21,"column":17}},"9":{"start":{"line":24,"column":27},"end":{"line":24,"column":67}},"10":{"start":{"line":27,"column":0},"end":{"line":31,"column":2}},"11":{"start":{"line":28,"column":1},"end":{"line":28,"column":52}},"12":{"start":{"line":29,"column":1},"end":{"line":29,"column":44}},"13":{"start":{"line":30,"column":1},"end":{"line":30,"column":13}},"14":{"start":{"line":34,"column":0},"end":{"line":45,"column":2}},"15":{"start":{"line":37,"column":1},"end":{"line":37,"column":24}},"16":{"start":{"line":40,"column":18},"end":{"line":40,"column":67}},"17":{"start":{"line":43,"column":1},"end":{"line":43,"column":23}},"18":{"start":{"line":44,"column":1},"end":{"line":44,"column":20}},"19":{"start":{"line":48,"column":0},"end":{"line":59,"column":2}},"20":{"start":{"line":51,"column":1},"end":{"line":51,"column":24}},"21":{"start":{"line":54,"column":17},"end":{"line":54,"column":72}},"22":{"start":{"line":57,"column":1},"end":{"line":57,"column":23}},"23":{"start":{"line":58,"column":1},"end":{"line":58,"column":19}},"24":{"start":{"line":62,"column":0},"end":{"line":79,"column":2}},"25":{"start":{"line":65,"column":1},"end":{"line":65,"column":25}},"26":{"start":{"line":68,"column":28},"end":{"line":68,"column":74}},"27":{"start":{"line":70,"column":1},"end":{"line":78,"column":2}},"28":{"start":{"line":72,"column":2},"end":{"line":72,"column":29}},"29":{"start":{"line":73,"column":2},"end":{"line":73,"column":78}},"30":{"start":{"line":76,"column":2},"end":{"line":76,"column":33}},"31":{"start":{"line":77,"column":2},"end":{"line":77,"column":75}},"32":{"start":{"line":82,"column":0},"end":{"line":98,"column":2}},"33":{"start":{"line":85,"column":1},"end":{"line":85,"column":24}},"34":{"start":{"line":88,"column":31},"end":{"line":88,"column":103}},"35":{"start":{"line":90,"column":1},"end":{"line":97,"column":2}},"36":{"start":{"line":92,"column":2},"end":{"line":92,"column":29}},"37":{"start":{"line":93,"column":2},"end":{"line":93,"column":83}},"38":{"start":{"line":95,"column":2},"end":{"line":95,"column":33}},"39":{"start":{"line":96,"column":2},"end":{"line":96,"column":80}},"40":{"start":{"line":101,"column":0},"end":{"line":117,"column":2}},"41":{"start":{"line":104,"column":1},"end":{"line":104,"column":27}},"42":{"start":{"line":107,"column":31},"end":{"line":107,"column":85}},"43":{"start":{"line":109,"column":1},"end":{"line":116,"column":2}},"44":{"start":{"line":111,"column":2},"end":{"line":111,"column":24}},"45":{"start":{"line":112,"column":2},"end":{"line":112,"column":83}},"46":{"start":{"line":114,"column":2},"end":{"line":114,"column":33}},"47":{"start":{"line":115,"column":2},"end":{"line":115,"column":80}},"48":{"start":{"line":120,"column":0},"end":{"line":120,"column":24}},"49":{"start":{"line":121,"column":0},"end":{"line":121,"column":32}},"50":{"start":{"line":124,"column":15},"end":{"line":124,"column":86}},"51":{"start":{"line":124,"column":38},"end":{"line":124,"column":85}},"52":{"start":{"line":127,"column":0},"end":{"line":127,"column":23}}},"fnMap":{"0":{"name":"(anonymous_0)","decl":{"start":{"line":27,"column":9},"end":{"line":27,"column":10}},"loc":{"start":{"line":27,"column":29},"end":{"line":31,"column":1}},"line":27},"1":{"name":"(anonymous_1)","decl":{"start":{"line":34,"column":33},"end":{"line":34,"column":34}},"loc":{"start":{"line":34,"column":46},"end":{"line":45,"column":1}},"line":34},"2":{"name":"(anonymous_2)","decl":{"start":{"line":48,"column":45},"end":{"line":48,"column":46}},"loc":{"start":{"line":48,"column":58},"end":{"line":59,"column":1}},"line":48},"3":{"name":"(anonymous_3)","decl":{"start":{"line":62,"column":34},"end":{"line":62,"column":35}},"loc":{"start":{"line":62,"column":47},"end":{"line":79,"column":1}},"line":62},"4":{"name":"(anonymous_4)","decl":{"start":{"line":82,"column":45},"end":{"line":82,"column":46}},"loc":{"start":{"line":82,"column":58},"end":{"line":98,"column":1}},"line":82},"5":{"name":"(anonymous_5)","decl":{"start":{"line":101,"column":45},"end":{"line":101,"column":46}},"loc":{"start":{"line":101,"column":58},"end":{"line":117,"column":1}},"line":101},"6":{"name":"(anonymous_6)","decl":{"start":{"line":124,"column":32},"end":{"line":124,"column":33}},"loc":{"start":{"line":124,"column":38},"end":{"line":124,"column":85}},"line":124}},"branchMap":{"0":{"loc":{"start":{"line":70,"column":1},"end":{"line":78,"column":2}},"type":"if","locations":[{"start":{"line":70,"column":1},"end":{"line":78,"column":2}},{"start":{"line":70,"column":1},"end":{"line":78,"column":2}}],"line":70},"1":{"loc":{"start":{"line":90,"column":1},"end":{"line":97,"column":2}},"type":"if","locations":[{"start":{"line":90,"column":1},"end":{"line":97,"column":2}},{"start":{"line":90,"column":1},"end":{"line":97,"column":2}}],"line":90},"2":{"loc":{"start":{"line":109,"column":1},"end":{"line":116,"column":2}},"type":"if","locations":[{"start":{"line":109,"column":1},"end":{"line":116,"column":2}},{"start":{"line":109,"column":1},"end":{"line":116,"column":2}}],"line":109}},"s":{"0":1,"1":1,"2":1,"3":1,"4":1,"5":1,"6":1,"7":1,"8":1,"9":1,"10":1,"11":15,"12":15,"13":15,"14":1,"15":3,"16":3,"17":3,"18":3,"19":1,"20":3,"21":3,"22":3,"23":3,"24":1,"25":3,"26":3,"27":3,"28":2,"29":2,"30":1,"31":1,"32":1,"33":3,"34":3,"35":3,"36":2,"37":2,"38":1,"39":1,"40":1,"41":3,"42":3,"43":3,"44":2,"45":2,"46":1,"47":1,"48":1,"49":1,"50":1,"51":1,"52":1},"f":{"0":15,"1":3,"2":3,"3":3,"4":3,"5":3,"6":1},"b":{"0":[2,1],"1":[2,1],"2":[2,1]},"_coverageSchema":"332fd63041d2c1bcb487cc26dd0d5f7d97098a6c","hash":"1e5902111a6f5441230c4061e3d9330da67e94c2"}
,"/home/genaro/Desktop/340CT/bedenkog-local-news-comments/modules/comments-controller.js": {"path":"/home/genaro/Desktop/340CT/bedenkog-local-news-comments/modules/comments-controller.js","statementMap":{"0":{"start":{"line":3,"column":20},"end":{"line":3,"column":65}},"1":{"start":{"line":4,"column":27},"end":{"line":4,"column":37}},"2":{"start":{"line":6,"column":17},"end":{"line":6,"column":41}},"3":{"start":{"line":9,"column":0},"end":{"line":18,"column":1}},"4":{"start":{"line":11,"column":20},"end":{"line":13,"column":28}},"5":{"start":{"line":12,"column":20},"end":{"line":12,"column":26}},"6":{"start":{"line":13,"column":21},"end":{"line":13,"column":27}},"7":{"start":{"line":15,"column":28},"end":{"line":15,"column":44}},"8":{"start":{"line":17,"column":1},"end":{"line":17,"column":26}},"9":{"start":{"line":21,"column":0},"end":{"line":30,"column":1}},"10":{"start":{"line":23,"column":20},"end":{"line":25,"column":28}},"11":{"start":{"line":24,"column":21},"end":{"line":24,"column":28}},"12":{"start":{"line":25,"column":21},"end":{"line":25,"column":27}},"13":{"start":{"line":27,"column":17},"end":{"line":27,"column":33}},"14":{"start":{"line":29,"column":1},"end":{"line":29,"column":15}},"15":{"start":{"line":33,"column":0},"end":{"line":45,"column":1}},"16":{"start":{"line":37,"column":17},"end":{"line":38,"column":29}},"17":{"start":{"line":38,"column":21},"end":{"line":38,"column":28}},"18":{"start":{"line":41,"column":21},"end":{"line":41,"column":34}},"19":{"start":{"line":44,"column":1},"end":{"line":44,"column":19}},"20":{"start":{"line":48,"column":0},"end":{"line":57,"column":1}},"21":{"start":{"line":50,"column":23},"end":{"line":52,"column":28}},"22":{"start":{"line":51,"column":21},"end":{"line":51,"column":28}},"23":{"start":{"line":52,"column":21},"end":{"line":52,"column":27}},"24":{"start":{"line":54,"column":31},"end":{"line":54,"column":50}},"25":{"start":{"line":56,"column":1},"end":{"line":56,"column":29}},"26":{"start":{"line":60,"column":0},"end":{"line":69,"column":1}},"27":{"start":{"line":62,"column":23},"end":{"line":64,"column":28}},"28":{"start":{"line":63,"column":21},"end":{"line":63,"column":28}},"29":{"start":{"line":64,"column":21},"end":{"line":64,"column":27}},"30":{"start":{"line":66,"column":31},"end":{"line":66,"column":50}},"31":{"start":{"line":68,"column":1},"end":{"line":68,"column":29}}},"fnMap":{"0":{"name":"(anonymous_0)","decl":{"start":{"line":9,"column":14},"end":{"line":9,"column":15}},"loc":{"start":{"line":9,"column":38},"end":{"line":18,"column":1}},"line":9},"1":{"name":"(anonymous_1)","decl":{"start":{"line":12,"column":8},"end":{"line":12,"column":9}},"loc":{"start":{"line":12,"column":20},"end":{"line":12,"column":26}},"line":12},"2":{"name":"(anonymous_2)","decl":{"start":{"line":13,"column":9},"end":{"line":13,"column":10}},"loc":{"start":{"line":13,"column":21},"end":{"line":13,"column":27}},"line":13},"3":{"name":"(anonymous_3)","decl":{"start":{"line":21,"column":18},"end":{"line":21,"column":19}},"loc":{"start":{"line":21,"column":38},"end":{"line":30,"column":1}},"line":21},"4":{"name":"(anonymous_4)","decl":{"start":{"line":24,"column":8},"end":{"line":24,"column":9}},"loc":{"start":{"line":24,"column":21},"end":{"line":24,"column":28}},"line":24},"5":{"name":"(anonymous_5)","decl":{"start":{"line":25,"column":9},"end":{"line":25,"column":10}},"loc":{"start":{"line":25,"column":21},"end":{"line":25,"column":27}},"line":25},"6":{"name":"(anonymous_6)","decl":{"start":{"line":33,"column":17},"end":{"line":33,"column":18}},"loc":{"start":{"line":33,"column":28},"end":{"line":45,"column":1}},"line":33},"7":{"name":"(anonymous_7)","decl":{"start":{"line":38,"column":8},"end":{"line":38,"column":9}},"loc":{"start":{"line":38,"column":21},"end":{"line":38,"column":28}},"line":38},"8":{"name":"(anonymous_8)","decl":{"start":{"line":48,"column":17},"end":{"line":48,"column":18}},"loc":{"start":{"line":48,"column":62},"end":{"line":57,"column":1}},"line":48},"9":{"name":"(anonymous_9)","decl":{"start":{"line":51,"column":8},"end":{"line":51,"column":9}},"loc":{"start":{"line":51,"column":21},"end":{"line":51,"column":28}},"line":51},"10":{"name":"(anonymous_10)","decl":{"start":{"line":52,"column":9},"end":{"line":52,"column":10}},"loc":{"start":{"line":52,"column":21},"end":{"line":52,"column":27}},"line":52},"11":{"name":"(anonymous_11)","decl":{"start":{"line":60,"column":17},"end":{"line":60,"column":18}},"loc":{"start":{"line":60,"column":37},"end":{"line":69,"column":1}},"line":60},"12":{"name":"(anonymous_12)","decl":{"start":{"line":63,"column":8},"end":{"line":63,"column":9}},"loc":{"start":{"line":63,"column":21},"end":{"line":63,"column":28}},"line":63},"13":{"name":"(anonymous_13)","decl":{"start":{"line":64,"column":9},"end":{"line":64,"column":10}},"loc":{"start":{"line":64,"column":21},"end":{"line":64,"column":27}},"line":64}},"branchMap":{},"s":{"0":2,"1":2,"2":2,"3":2,"4":2,"5":1,"6":1,"7":2,"8":2,"9":2,"10":2,"11":1,"12":1,"13":2,"14":2,"15":2,"16":1,"17":1,"18":1,"19":1,"20":2,"21":3,"22":1,"23":2,"24":3,"25":3,"26":2,"27":2,"28":1,"29":1,"30":2,"31":2},"f":{"0":2,"1":1,"2":1,"3":2,"4":1,"5":1,"6":1,"7":1,"8":3,"9":1,"10":2,"11":2,"12":1,"13":1},"b":{},"_coverageSchema":"332fd63041d2c1bcb487cc26dd0d5f7d97098a6c","hash":"6cf5123dd3346d44ef63d8f8b307f226e94ef559"}
,"/home/genaro/Desktop/340CT/bedenkog-local-news-comments/modules/comments-db.js": {"path":"/home/genaro/Desktop/340CT/bedenkog-local-news-comments/modules/comments-db.js","statementMap":{"0":{"start":{"line":4,"column":20},"end":{"line":4,"column":50}},"1":{"start":{"line":5,"column":16},"end":{"line":5,"column":34}},"2":{"start":{"line":7,"column":21},"end":{"line":7,"column":44}},"3":{"start":{"line":10,"column":0},"end":{"line":33,"column":2}},"4":{"start":{"line":10,"column":80},"end":{"line":33,"column":2}},"5":{"start":{"line":12,"column":1},"end":{"line":12,"column":105}},"6":{"start":{"line":16,"column":1},"end":{"line":32,"column":3}},"7":{"start":{"line":18,"column":2},"end":{"line":18,"column":59}},"8":{"start":{"line":18,"column":10},"end":{"line":18,"column":59}},"9":{"start":{"line":20,"column":2},"end":{"line":31,"column":3}},"10":{"start":{"line":21,"column":15},"end":{"line":21,"column":34}},"11":{"start":{"line":23,"column":3},"end":{"line":27,"column":5}},"12":{"start":{"line":24,"column":4},"end":{"line":24,"column":109}},"13":{"start":{"line":25,"column":4},"end":{"line":25,"column":14}},"14":{"start":{"line":26,"column":4},"end":{"line":26,"column":17}},"15":{"start":{"line":30,"column":3},"end":{"line":30,"column":52}},"16":{"start":{"line":36,"column":0},"end":{"line":59,"column":2}},"17":{"start":{"line":36,"column":64},"end":{"line":59,"column":2}},"18":{"start":{"line":40,"column":1},"end":{"line":58,"column":3}},"19":{"start":{"line":42,"column":2},"end":{"line":42,"column":59}},"20":{"start":{"line":42,"column":10},"end":{"line":42,"column":59}},"21":{"start":{"line":44,"column":2},"end":{"line":57,"column":3}},"22":{"start":{"line":46,"column":15},"end":{"line":46,"column":34}},"23":{"start":{"line":50,"column":3},"end":{"line":53,"column":5}},"24":{"start":{"line":51,"column":4},"end":{"line":51,"column":14}},"25":{"start":{"line":52,"column":4},"end":{"line":52,"column":19}},"26":{"start":{"line":56,"column":3},"end":{"line":56,"column":52}},"27":{"start":{"line":62,"column":0},"end":{"line":80,"column":2}},"28":{"start":{"line":62,"column":81},"end":{"line":80,"column":2}},"29":{"start":{"line":64,"column":1},"end":{"line":79,"column":3}},"30":{"start":{"line":66,"column":2},"end":{"line":66,"column":59}},"31":{"start":{"line":66,"column":10},"end":{"line":66,"column":59}},"32":{"start":{"line":68,"column":2},"end":{"line":78,"column":3}},"33":{"start":{"line":69,"column":15},"end":{"line":69,"column":34}},"34":{"start":{"line":71,"column":3},"end":{"line":74,"column":5}},"35":{"start":{"line":72,"column":4},"end":{"line":72,"column":14}},"36":{"start":{"line":73,"column":4},"end":{"line":73,"column":19}},"37":{"start":{"line":77,"column":3},"end":{"line":77,"column":52}},"38":{"start":{"line":83,"column":0},"end":{"line":104,"column":2}},"39":{"start":{"line":83,"column":87},"end":{"line":104,"column":2}},"40":{"start":{"line":87,"column":1},"end":{"line":103,"column":3}},"41":{"start":{"line":89,"column":2},"end":{"line":89,"column":59}},"42":{"start":{"line":89,"column":10},"end":{"line":89,"column":59}},"43":{"start":{"line":91,"column":2},"end":{"line":102,"column":3}},"44":{"start":{"line":92,"column":15},"end":{"line":92,"column":34}},"45":{"start":{"line":94,"column":3},"end":{"line":98,"column":5}},"46":{"start":{"line":95,"column":4},"end":{"line":95,"column":71}},"47":{"start":{"line":96,"column":4},"end":{"line":96,"column":14}},"48":{"start":{"line":97,"column":4},"end":{"line":97,"column":17}},"49":{"start":{"line":101,"column":3},"end":{"line":101,"column":52}},"50":{"start":{"line":107,"column":0},"end":{"line":128,"column":2}},"51":{"start":{"line":107,"column":70},"end":{"line":128,"column":2}},"52":{"start":{"line":111,"column":1},"end":{"line":127,"column":3}},"53":{"start":{"line":113,"column":2},"end":{"line":113,"column":59}},"54":{"start":{"line":113,"column":10},"end":{"line":113,"column":59}},"55":{"start":{"line":115,"column":2},"end":{"line":126,"column":3}},"56":{"start":{"line":116,"column":15},"end":{"line":116,"column":34}},"57":{"start":{"line":118,"column":3},"end":{"line":122,"column":5}},"58":{"start":{"line":119,"column":4},"end":{"line":119,"column":71}},"59":{"start":{"line":120,"column":4},"end":{"line":120,"column":14}},"60":{"start":{"line":121,"column":4},"end":{"line":121,"column":17}},"61":{"start":{"line":125,"column":3},"end":{"line":125,"column":52}},"62":{"start":{"line":131,"column":0},"end":{"line":142,"column":2}},"63":{"start":{"line":131,"column":86},"end":{"line":142,"column":2}},"64":{"start":{"line":133,"column":1},"end":{"line":141,"column":3}},"65":{"start":{"line":135,"column":14},"end":{"line":135,"column":33}},"66":{"start":{"line":137,"column":2},"end":{"line":140,"column":4}},"67":{"start":{"line":138,"column":3},"end":{"line":138,"column":13}},"68":{"start":{"line":139,"column":3},"end":{"line":139,"column":18}}},"fnMap":{"0":{"name":"(anonymous_0)","decl":{"start":{"line":10,"column":34},"end":{"line":10,"column":35}},"loc":{"start":{"line":10,"column":80},"end":{"line":33,"column":2}},"line":10},"1":{"name":"(anonymous_1)","decl":{"start":{"line":10,"column":92},"end":{"line":10,"column":93}},"loc":{"start":{"line":10,"column":113},"end":{"line":33,"column":1}},"line":10},"2":{"name":"(anonymous_2)","decl":{"start":{"line":16,"column":34},"end":{"line":16,"column":35}},"loc":{"start":{"line":16,"column":47},"end":{"line":32,"column":2}},"line":16},"3":{"name":"(anonymous_3)","decl":{"start":{"line":23,"column":57},"end":{"line":23,"column":58}},"loc":{"start":{"line":23,"column":71},"end":{"line":27,"column":4}},"line":23},"4":{"name":"(anonymous_4)","decl":{"start":{"line":36,"column":31},"end":{"line":36,"column":32}},"loc":{"start":{"line":36,"column":64},"end":{"line":59,"column":2}},"line":36},"5":{"name":"(anonymous_5)","decl":{"start":{"line":36,"column":76},"end":{"line":36,"column":77}},"loc":{"start":{"line":36,"column":97},"end":{"line":59,"column":1}},"line":36},"6":{"name":"(anonymous_6)","decl":{"start":{"line":40,"column":34},"end":{"line":40,"column":35}},"loc":{"start":{"line":40,"column":47},"end":{"line":58,"column":2}},"line":40},"7":{"name":"(anonymous_7)","decl":{"start":{"line":50,"column":51},"end":{"line":50,"column":52}},"loc":{"start":{"line":50,"column":68},"end":{"line":53,"column":4}},"line":50},"8":{"name":"(anonymous_8)","decl":{"start":{"line":62,"column":36},"end":{"line":62,"column":37}},"loc":{"start":{"line":62,"column":81},"end":{"line":80,"column":2}},"line":62},"9":{"name":"(anonymous_9)","decl":{"start":{"line":62,"column":93},"end":{"line":62,"column":94}},"loc":{"start":{"line":62,"column":114},"end":{"line":80,"column":1}},"line":62},"10":{"name":"(anonymous_10)","decl":{"start":{"line":64,"column":34},"end":{"line":64,"column":35}},"loc":{"start":{"line":64,"column":47},"end":{"line":79,"column":2}},"line":64},"11":{"name":"(anonymous_11)","decl":{"start":{"line":71,"column":85},"end":{"line":71,"column":86}},"loc":{"start":{"line":71,"column":102},"end":{"line":74,"column":4}},"line":71},"12":{"name":"(anonymous_12)","decl":{"start":{"line":83,"column":25},"end":{"line":83,"column":26}},"loc":{"start":{"line":83,"column":87},"end":{"line":104,"column":2}},"line":83},"13":{"name":"(anonymous_13)","decl":{"start":{"line":83,"column":99},"end":{"line":83,"column":100}},"loc":{"start":{"line":83,"column":120},"end":{"line":104,"column":1}},"line":83},"14":{"name":"(anonymous_14)","decl":{"start":{"line":87,"column":34},"end":{"line":87,"column":35}},"loc":{"start":{"line":87,"column":47},"end":{"line":103,"column":2}},"line":87},"15":{"name":"(anonymous_15)","decl":{"start":{"line":94,"column":110},"end":{"line":94,"column":111}},"loc":{"start":{"line":94,"column":124},"end":{"line":98,"column":4}},"line":94},"16":{"name":"(anonymous_16)","decl":{"start":{"line":107,"column":25},"end":{"line":107,"column":26}},"loc":{"start":{"line":107,"column":70},"end":{"line":128,"column":2}},"line":107},"17":{"name":"(anonymous_17)","decl":{"start":{"line":107,"column":82},"end":{"line":107,"column":83}},"loc":{"start":{"line":107,"column":103},"end":{"line":128,"column":1}},"line":107},"18":{"name":"(anonymous_18)","decl":{"start":{"line":111,"column":34},"end":{"line":111,"column":35}},"loc":{"start":{"line":111,"column":47},"end":{"line":127,"column":2}},"line":111},"19":{"name":"(anonymous_19)","decl":{"start":{"line":118,"column":85},"end":{"line":118,"column":86}},"loc":{"start":{"line":118,"column":99},"end":{"line":122,"column":4}},"line":118},"20":{"name":"(anonymous_20)","decl":{"start":{"line":131,"column":37},"end":{"line":131,"column":38}},"loc":{"start":{"line":131,"column":86},"end":{"line":142,"column":2}},"line":131},"21":{"name":"(anonymous_21)","decl":{"start":{"line":131,"column":98},"end":{"line":131,"column":99}},"loc":{"start":{"line":131,"column":119},"end":{"line":142,"column":1}},"line":131},"22":{"name":"(anonymous_22)","decl":{"start":{"line":133,"column":34},"end":{"line":133,"column":35}},"loc":{"start":{"line":133,"column":47},"end":{"line":141,"column":2}},"line":133},"23":{"name":"(anonymous_23)","decl":{"start":{"line":137,"column":62},"end":{"line":137,"column":63}},"loc":{"start":{"line":137,"column":79},"end":{"line":140,"column":3}},"line":137}},"branchMap":{"0":{"loc":{"start":{"line":18,"column":2},"end":{"line":18,"column":59}},"type":"if","locations":[{"start":{"line":18,"column":2},"end":{"line":18,"column":59}},{"start":{"line":18,"column":2},"end":{"line":18,"column":59}}],"line":18},"1":{"loc":{"start":{"line":42,"column":2},"end":{"line":42,"column":59}},"type":"if","locations":[{"start":{"line":42,"column":2},"end":{"line":42,"column":59}},{"start":{"line":42,"column":2},"end":{"line":42,"column":59}}],"line":42},"2":{"loc":{"start":{"line":66,"column":2},"end":{"line":66,"column":59}},"type":"if","locations":[{"start":{"line":66,"column":2},"end":{"line":66,"column":59}},{"start":{"line":66,"column":2},"end":{"line":66,"column":59}}],"line":66},"3":{"loc":{"start":{"line":89,"column":2},"end":{"line":89,"column":59}},"type":"if","locations":[{"start":{"line":89,"column":2},"end":{"line":89,"column":59}},{"start":{"line":89,"column":2},"end":{"line":89,"column":59}}],"line":89},"4":{"loc":{"start":{"line":113,"column":2},"end":{"line":113,"column":59}},"type":"if","locations":[{"start":{"line":113,"column":2},"end":{"line":113,"column":59}},{"start":{"line":113,"column":2},"end":{"line":113,"column":59}}],"line":113}},"s":{"0":3,"1":3,"2":3,"3":3,"4":6,"5":6,"6":6,"7":6,"8":1,"9":6,"10":6,"11":5,"12":5,"13":5,"14":5,"15":1,"16":3,"17":2,"18":2,"19":2,"20":1,"21":2,"22":2,"23":1,"24":1,"25":1,"26":1,"27":3,"28":2,"29":2,"30":2,"31":1,"32":2,"33":2,"34":1,"35":1,"36":1,"37":1,"38":3,"39":2,"40":2,"41":2,"42":1,"43":2,"44":2,"45":1,"46":1,"47":1,"48":1,"49":1,"50":3,"51":7,"52":7,"53":7,"54":1,"55":7,"56":7,"57":6,"58":6,"59":6,"60":6,"61":1,"62":3,"63":6,"64":6,"65":6,"66":6,"67":6,"68":6},"f":{"0":6,"1":6,"2":6,"3":5,"4":2,"5":2,"6":2,"7":1,"8":2,"9":2,"10":2,"11":1,"12":2,"13":2,"14":2,"15":1,"16":7,"17":7,"18":7,"19":6,"20":6,"21":6,"22":6,"23":6},"b":{"0":[1,5],"1":[1,1],"2":[1,1],"3":[1,1],"4":[1,6]},"_coverageSchema":"332fd63041d2c1bcb487cc26dd0d5f7d97098a6c","hash":"55464dd2ef4725667566852fc60905143d110f4b"}
}
