{"/home/genaro/Desktop/340CT/bedenkog-local-news-comments/comments-api.js": {"path":"/home/genaro/Desktop/340CT/bedenkog-local-news-comments/comments-api.js","statementMap":{"0":{"start":{"line":5,"column":0},"end":{"line":5,"column":48}},"1":{"start":{"line":8,"column":12},"end":{"line":8,"column":26}},"2":{"start":{"line":9,"column":15},"end":{"line":9,"column":36}},"3":{"start":{"line":10,"column":19},"end":{"line":10,"column":44}},"4":{"start":{"line":13,"column":12},"end":{"line":13,"column":21}},"5":{"start":{"line":14,"column":0},"end":{"line":14,"column":21}},"6":{"start":{"line":15,"column":15},"end":{"line":15,"column":27}},"7":{"start":{"line":18,"column":15},"end":{"line":18,"column":43}},"8":{"start":{"line":21,"column":13},"end":{"line":21,"column":17}},"9":{"start":{"line":24,"column":27},"end":{"line":24,"column":67}},"10":{"start":{"line":27,"column":0},"end":{"line":31,"column":2}},"11":{"start":{"line":28,"column":1},"end":{"line":28,"column":52}},"12":{"start":{"line":29,"column":1},"end":{"line":29,"column":44}},"13":{"start":{"line":30,"column":1},"end":{"line":30,"column":13}},"14":{"start":{"line":34,"column":0},"end":{"line":45,"column":2}},"15":{"start":{"line":37,"column":1},"end":{"line":37,"column":24}},"16":{"start":{"line":40,"column":18},"end":{"line":40,"column":51}},"17":{"start":{"line":43,"column":1},"end":{"line":43,"column":23}},"18":{"start":{"line":44,"column":1},"end":{"line":44,"column":20}},"19":{"start":{"line":48,"column":0},"end":{"line":59,"column":2}},"20":{"start":{"line":51,"column":1},"end":{"line":51,"column":24}},"21":{"start":{"line":54,"column":17},"end":{"line":54,"column":72}},"22":{"start":{"line":57,"column":1},"end":{"line":57,"column":23}},"23":{"start":{"line":58,"column":1},"end":{"line":58,"column":19}},"24":{"start":{"line":62,"column":0},"end":{"line":73,"column":2}},"25":{"start":{"line":65,"column":1},"end":{"line":65,"column":25}},"26":{"start":{"line":68,"column":28},"end":{"line":68,"column":74}},"27":{"start":{"line":71,"column":1},"end":{"line":71,"column":28}},"28":{"start":{"line":72,"column":1},"end":{"line":72,"column":77}},"29":{"start":{"line":76,"column":0},"end":{"line":87,"column":2}},"30":{"start":{"line":79,"column":1},"end":{"line":79,"column":24}},"31":{"start":{"line":82,"column":31},"end":{"line":82,"column":98}},"32":{"start":{"line":85,"column":1},"end":{"line":85,"column":28}},"33":{"start":{"line":86,"column":1},"end":{"line":86,"column":82}},"34":{"start":{"line":90,"column":0},"end":{"line":101,"column":2}},"35":{"start":{"line":93,"column":1},"end":{"line":93,"column":27}},"36":{"start":{"line":96,"column":31},"end":{"line":96,"column":85}},"37":{"start":{"line":99,"column":1},"end":{"line":99,"column":23}},"38":{"start":{"line":100,"column":1},"end":{"line":100,"column":82}},"39":{"start":{"line":104,"column":0},"end":{"line":104,"column":24}},"40":{"start":{"line":105,"column":0},"end":{"line":105,"column":32}},"41":{"start":{"line":108,"column":15},"end":{"line":108,"column":86}},"42":{"start":{"line":108,"column":38},"end":{"line":108,"column":85}},"43":{"start":{"line":111,"column":0},"end":{"line":111,"column":23}}},"fnMap":{"0":{"name":"(anonymous_0)","decl":{"start":{"line":27,"column":9},"end":{"line":27,"column":10}},"loc":{"start":{"line":27,"column":29},"end":{"line":31,"column":1}},"line":27},"1":{"name":"(anonymous_1)","decl":{"start":{"line":34,"column":33},"end":{"line":34,"column":34}},"loc":{"start":{"line":34,"column":46},"end":{"line":45,"column":1}},"line":34},"2":{"name":"(anonymous_2)","decl":{"start":{"line":48,"column":45},"end":{"line":48,"column":46}},"loc":{"start":{"line":48,"column":58},"end":{"line":59,"column":1}},"line":48},"3":{"name":"(anonymous_3)","decl":{"start":{"line":62,"column":34},"end":{"line":62,"column":35}},"loc":{"start":{"line":62,"column":47},"end":{"line":73,"column":1}},"line":62},"4":{"name":"(anonymous_4)","decl":{"start":{"line":76,"column":45},"end":{"line":76,"column":46}},"loc":{"start":{"line":76,"column":58},"end":{"line":87,"column":1}},"line":76},"5":{"name":"(anonymous_5)","decl":{"start":{"line":90,"column":45},"end":{"line":90,"column":46}},"loc":{"start":{"line":90,"column":58},"end":{"line":101,"column":1}},"line":90},"6":{"name":"(anonymous_6)","decl":{"start":{"line":108,"column":32},"end":{"line":108,"column":33}},"loc":{"start":{"line":108,"column":38},"end":{"line":108,"column":85}},"line":108}},"branchMap":{},"s":{"0":1,"1":1,"2":1,"3":1,"4":1,"5":1,"6":1,"7":1,"8":1,"9":1,"10":1,"11":10,"12":10,"13":10,"14":1,"15":2,"16":2,"17":2,"18":2,"19":1,"20":2,"21":2,"22":2,"23":2,"24":1,"25":2,"26":2,"27":2,"28":2,"29":1,"30":2,"31":2,"32":2,"33":2,"34":1,"35":2,"36":2,"37":2,"38":2,"39":1,"40":1,"41":1,"42":1,"43":1},"f":{"0":10,"1":2,"2":2,"3":2,"4":2,"5":2,"6":1},"b":{},"_coverageSchema":"332fd63041d2c1bcb487cc26dd0d5f7d97098a6c","hash":"36a0085b774c12867d1bb4a75240ef80f3d32b79"}
,"/home/genaro/Desktop/340CT/bedenkog-local-news-comments/modules/comments-controller.js": {"path":"/home/genaro/Desktop/340CT/bedenkog-local-news-comments/modules/comments-controller.js","statementMap":{"0":{"start":{"line":3,"column":20},"end":{"line":3,"column":65}},"1":{"start":{"line":4,"column":27},"end":{"line":4,"column":37}},"2":{"start":{"line":6,"column":17},"end":{"line":6,"column":41}},"3":{"start":{"line":9,"column":0},"end":{"line":17,"column":1}},"4":{"start":{"line":11,"column":20},"end":{"line":12,"column":27}},"5":{"start":{"line":12,"column":20},"end":{"line":12,"column":26}},"6":{"start":{"line":14,"column":28},"end":{"line":14,"column":44}},"7":{"start":{"line":16,"column":1},"end":{"line":16,"column":26}},"8":{"start":{"line":20,"column":0},"end":{"line":28,"column":1}},"9":{"start":{"line":22,"column":20},"end":{"line":23,"column":29}},"10":{"start":{"line":23,"column":21},"end":{"line":23,"column":28}},"11":{"start":{"line":25,"column":17},"end":{"line":25,"column":33}},"12":{"start":{"line":27,"column":1},"end":{"line":27,"column":15}},"13":{"start":{"line":31,"column":0},"end":{"line":43,"column":1}},"14":{"start":{"line":35,"column":17},"end":{"line":36,"column":29}},"15":{"start":{"line":36,"column":21},"end":{"line":36,"column":28}},"16":{"start":{"line":39,"column":21},"end":{"line":39,"column":34}},"17":{"start":{"line":42,"column":1},"end":{"line":42,"column":19}},"18":{"start":{"line":46,"column":0},"end":{"line":54,"column":1}},"19":{"start":{"line":48,"column":23},"end":{"line":49,"column":29}},"20":{"start":{"line":49,"column":21},"end":{"line":49,"column":28}},"21":{"start":{"line":51,"column":31},"end":{"line":51,"column":50}},"22":{"start":{"line":53,"column":1},"end":{"line":53,"column":29}},"23":{"start":{"line":57,"column":0},"end":{"line":65,"column":1}},"24":{"start":{"line":59,"column":23},"end":{"line":60,"column":29}},"25":{"start":{"line":60,"column":21},"end":{"line":60,"column":28}},"26":{"start":{"line":62,"column":31},"end":{"line":62,"column":50}},"27":{"start":{"line":64,"column":1},"end":{"line":64,"column":29}}},"fnMap":{"0":{"name":"(anonymous_0)","decl":{"start":{"line":9,"column":14},"end":{"line":9,"column":15}},"loc":{"start":{"line":9,"column":38},"end":{"line":17,"column":1}},"line":9},"1":{"name":"(anonymous_1)","decl":{"start":{"line":12,"column":8},"end":{"line":12,"column":9}},"loc":{"start":{"line":12,"column":20},"end":{"line":12,"column":26}},"line":12},"2":{"name":"(anonymous_2)","decl":{"start":{"line":20,"column":18},"end":{"line":20,"column":19}},"loc":{"start":{"line":20,"column":38},"end":{"line":28,"column":1}},"line":20},"3":{"name":"(anonymous_3)","decl":{"start":{"line":23,"column":8},"end":{"line":23,"column":9}},"loc":{"start":{"line":23,"column":21},"end":{"line":23,"column":28}},"line":23},"4":{"name":"(anonymous_4)","decl":{"start":{"line":31,"column":17},"end":{"line":31,"column":18}},"loc":{"start":{"line":31,"column":28},"end":{"line":43,"column":1}},"line":31},"5":{"name":"(anonymous_5)","decl":{"start":{"line":36,"column":8},"end":{"line":36,"column":9}},"loc":{"start":{"line":36,"column":21},"end":{"line":36,"column":28}},"line":36},"6":{"name":"(anonymous_6)","decl":{"start":{"line":46,"column":17},"end":{"line":46,"column":18}},"loc":{"start":{"line":46,"column":62},"end":{"line":54,"column":1}},"line":46},"7":{"name":"(anonymous_7)","decl":{"start":{"line":49,"column":8},"end":{"line":49,"column":9}},"loc":{"start":{"line":49,"column":21},"end":{"line":49,"column":28}},"line":49},"8":{"name":"(anonymous_8)","decl":{"start":{"line":57,"column":17},"end":{"line":57,"column":18}},"loc":{"start":{"line":57,"column":37},"end":{"line":65,"column":1}},"line":57},"9":{"name":"(anonymous_9)","decl":{"start":{"line":60,"column":8},"end":{"line":60,"column":9}},"loc":{"start":{"line":60,"column":21},"end":{"line":60,"column":28}},"line":60}},"branchMap":{},"s":{"0":2,"1":2,"2":2,"3":2,"4":1,"5":1,"6":1,"7":1,"8":2,"9":1,"10":1,"11":1,"12":1,"13":2,"14":1,"15":1,"16":1,"17":1,"18":2,"19":1,"20":1,"21":1,"22":1,"23":2,"24":1,"25":1,"26":1,"27":1},"f":{"0":1,"1":1,"2":1,"3":1,"4":1,"5":1,"6":1,"7":1,"8":1,"9":1},"b":{},"_coverageSchema":"332fd63041d2c1bcb487cc26dd0d5f7d97098a6c","hash":"7ee32f46b328694356b0bc69d8ba421ab9ac55b8"}
,"/home/genaro/Desktop/340CT/bedenkog-local-news-comments/modules/comments-db.js": {"path":"/home/genaro/Desktop/340CT/bedenkog-local-news-comments/modules/comments-db.js","statementMap":{"0":{"start":{"line":4,"column":20},"end":{"line":4,"column":50}},"1":{"start":{"line":5,"column":16},"end":{"line":5,"column":34}},"2":{"start":{"line":7,"column":21},"end":{"line":7,"column":44}},"3":{"start":{"line":10,"column":0},"end":{"line":26,"column":2}},"4":{"start":{"line":10,"column":80},"end":{"line":26,"column":2}},"5":{"start":{"line":12,"column":1},"end":{"line":12,"column":105}},"6":{"start":{"line":16,"column":1},"end":{"line":25,"column":3}},"7":{"start":{"line":18,"column":14},"end":{"line":18,"column":33}},"8":{"start":{"line":20,"column":2},"end":{"line":24,"column":4}},"9":{"start":{"line":21,"column":3},"end":{"line":21,"column":108}},"10":{"start":{"line":22,"column":3},"end":{"line":22,"column":13}},"11":{"start":{"line":23,"column":3},"end":{"line":23,"column":16}},"12":{"start":{"line":29,"column":0},"end":{"line":45,"column":2}},"13":{"start":{"line":29,"column":64},"end":{"line":45,"column":2}},"14":{"start":{"line":33,"column":1},"end":{"line":44,"column":3}},"15":{"start":{"line":36,"column":14},"end":{"line":36,"column":33}},"16":{"start":{"line":40,"column":2},"end":{"line":43,"column":4}},"17":{"start":{"line":41,"column":3},"end":{"line":41,"column":13}},"18":{"start":{"line":42,"column":3},"end":{"line":42,"column":18}},"19":{"start":{"line":49,"column":0},"end":{"line":60,"column":2}},"20":{"start":{"line":49,"column":81},"end":{"line":60,"column":2}},"21":{"start":{"line":51,"column":1},"end":{"line":59,"column":3}},"22":{"start":{"line":53,"column":14},"end":{"line":53,"column":33}},"23":{"start":{"line":55,"column":2},"end":{"line":58,"column":4}},"24":{"start":{"line":56,"column":3},"end":{"line":56,"column":13}},"25":{"start":{"line":57,"column":3},"end":{"line":57,"column":18}},"26":{"start":{"line":63,"column":0},"end":{"line":77,"column":2}},"27":{"start":{"line":63,"column":87},"end":{"line":77,"column":2}},"28":{"start":{"line":67,"column":1},"end":{"line":76,"column":3}},"29":{"start":{"line":69,"column":14},"end":{"line":69,"column":33}},"30":{"start":{"line":71,"column":2},"end":{"line":75,"column":4}},"31":{"start":{"line":72,"column":3},"end":{"line":72,"column":70}},"32":{"start":{"line":73,"column":3},"end":{"line":73,"column":13}},"33":{"start":{"line":74,"column":3},"end":{"line":74,"column":16}},"34":{"start":{"line":80,"column":0},"end":{"line":94,"column":2}},"35":{"start":{"line":80,"column":70},"end":{"line":94,"column":2}},"36":{"start":{"line":84,"column":1},"end":{"line":93,"column":3}},"37":{"start":{"line":86,"column":14},"end":{"line":86,"column":33}},"38":{"start":{"line":88,"column":2},"end":{"line":92,"column":4}},"39":{"start":{"line":89,"column":3},"end":{"line":89,"column":70}},"40":{"start":{"line":90,"column":3},"end":{"line":90,"column":13}},"41":{"start":{"line":91,"column":3},"end":{"line":91,"column":16}},"42":{"start":{"line":97,"column":0},"end":{"line":108,"column":2}},"43":{"start":{"line":97,"column":86},"end":{"line":108,"column":2}},"44":{"start":{"line":99,"column":1},"end":{"line":107,"column":3}},"45":{"start":{"line":101,"column":14},"end":{"line":101,"column":33}},"46":{"start":{"line":103,"column":2},"end":{"line":106,"column":4}},"47":{"start":{"line":104,"column":3},"end":{"line":104,"column":13}},"48":{"start":{"line":105,"column":3},"end":{"line":105,"column":18}}},"fnMap":{"0":{"name":"(anonymous_0)","decl":{"start":{"line":10,"column":34},"end":{"line":10,"column":35}},"loc":{"start":{"line":10,"column":80},"end":{"line":26,"column":2}},"line":10},"1":{"name":"(anonymous_1)","decl":{"start":{"line":10,"column":92},"end":{"line":10,"column":93}},"loc":{"start":{"line":10,"column":113},"end":{"line":26,"column":1}},"line":10},"2":{"name":"(anonymous_2)","decl":{"start":{"line":16,"column":34},"end":{"line":16,"column":35}},"loc":{"start":{"line":16,"column":47},"end":{"line":25,"column":2}},"line":16},"3":{"name":"(anonymous_3)","decl":{"start":{"line":20,"column":56},"end":{"line":20,"column":57}},"loc":{"start":{"line":20,"column":70},"end":{"line":24,"column":3}},"line":20},"4":{"name":"(anonymous_4)","decl":{"start":{"line":29,"column":31},"end":{"line":29,"column":32}},"loc":{"start":{"line":29,"column":64},"end":{"line":45,"column":2}},"line":29},"5":{"name":"(anonymous_5)","decl":{"start":{"line":29,"column":76},"end":{"line":29,"column":77}},"loc":{"start":{"line":29,"column":97},"end":{"line":45,"column":1}},"line":29},"6":{"name":"(anonymous_6)","decl":{"start":{"line":33,"column":34},"end":{"line":33,"column":35}},"loc":{"start":{"line":33,"column":47},"end":{"line":44,"column":2}},"line":33},"7":{"name":"(anonymous_7)","decl":{"start":{"line":40,"column":50},"end":{"line":40,"column":51}},"loc":{"start":{"line":40,"column":67},"end":{"line":43,"column":3}},"line":40},"8":{"name":"(anonymous_8)","decl":{"start":{"line":49,"column":36},"end":{"line":49,"column":37}},"loc":{"start":{"line":49,"column":81},"end":{"line":60,"column":2}},"line":49},"9":{"name":"(anonymous_9)","decl":{"start":{"line":49,"column":93},"end":{"line":49,"column":94}},"loc":{"start":{"line":49,"column":114},"end":{"line":60,"column":1}},"line":49},"10":{"name":"(anonymous_10)","decl":{"start":{"line":51,"column":34},"end":{"line":51,"column":35}},"loc":{"start":{"line":51,"column":47},"end":{"line":59,"column":2}},"line":51},"11":{"name":"(anonymous_11)","decl":{"start":{"line":55,"column":84},"end":{"line":55,"column":85}},"loc":{"start":{"line":55,"column":101},"end":{"line":58,"column":3}},"line":55},"12":{"name":"(anonymous_12)","decl":{"start":{"line":63,"column":25},"end":{"line":63,"column":26}},"loc":{"start":{"line":63,"column":87},"end":{"line":77,"column":2}},"line":63},"13":{"name":"(anonymous_13)","decl":{"start":{"line":63,"column":99},"end":{"line":63,"column":100}},"loc":{"start":{"line":63,"column":120},"end":{"line":77,"column":1}},"line":63},"14":{"name":"(anonymous_14)","decl":{"start":{"line":67,"column":34},"end":{"line":67,"column":35}},"loc":{"start":{"line":67,"column":47},"end":{"line":76,"column":2}},"line":67},"15":{"name":"(anonymous_15)","decl":{"start":{"line":71,"column":109},"end":{"line":71,"column":110}},"loc":{"start":{"line":71,"column":123},"end":{"line":75,"column":3}},"line":71},"16":{"name":"(anonymous_16)","decl":{"start":{"line":80,"column":25},"end":{"line":80,"column":26}},"loc":{"start":{"line":80,"column":70},"end":{"line":94,"column":2}},"line":80},"17":{"name":"(anonymous_17)","decl":{"start":{"line":80,"column":82},"end":{"line":80,"column":83}},"loc":{"start":{"line":80,"column":103},"end":{"line":94,"column":1}},"line":80},"18":{"name":"(anonymous_18)","decl":{"start":{"line":84,"column":34},"end":{"line":84,"column":35}},"loc":{"start":{"line":84,"column":47},"end":{"line":93,"column":2}},"line":84},"19":{"name":"(anonymous_19)","decl":{"start":{"line":88,"column":84},"end":{"line":88,"column":85}},"loc":{"start":{"line":88,"column":98},"end":{"line":92,"column":3}},"line":88},"20":{"name":"(anonymous_20)","decl":{"start":{"line":97,"column":37},"end":{"line":97,"column":38}},"loc":{"start":{"line":97,"column":86},"end":{"line":108,"column":2}},"line":97},"21":{"name":"(anonymous_21)","decl":{"start":{"line":97,"column":98},"end":{"line":97,"column":99}},"loc":{"start":{"line":97,"column":119},"end":{"line":108,"column":1}},"line":97},"22":{"name":"(anonymous_22)","decl":{"start":{"line":99,"column":34},"end":{"line":99,"column":35}},"loc":{"start":{"line":99,"column":47},"end":{"line":107,"column":2}},"line":99},"23":{"name":"(anonymous_23)","decl":{"start":{"line":103,"column":62},"end":{"line":103,"column":63}},"loc":{"start":{"line":103,"column":79},"end":{"line":106,"column":3}},"line":103}},"branchMap":{},"s":{"0":3,"1":3,"2":3,"3":3,"4":5,"5":5,"6":5,"7":5,"8":5,"9":5,"10":5,"11":5,"12":3,"13":1,"14":1,"15":1,"16":1,"17":1,"18":1,"19":3,"20":1,"21":1,"22":1,"23":1,"24":1,"25":1,"26":3,"27":1,"28":1,"29":1,"30":1,"31":1,"32":1,"33":1,"34":3,"35":6,"36":6,"37":5,"38":5,"39":5,"40":5,"41":5,"42":3,"43":6,"44":6,"45":6,"46":6,"47":6,"48":6},"f":{"0":5,"1":5,"2":5,"3":5,"4":1,"5":1,"6":1,"7":1,"8":1,"9":1,"10":1,"11":1,"12":1,"13":1,"14":1,"15":1,"16":6,"17":6,"18":5,"19":5,"20":6,"21":6,"22":6,"23":6},"b":{},"_coverageSchema":"332fd63041d2c1bcb487cc26dd0d5f7d97098a6c","hash":"feda5499dcef84fdabe7166da06c645da8e99e27"}
}
