TN:
SF:/home/genaro/Desktop/340CT/bedenkog-local-news-comments/comments-api.js
FN:27,(anonymous_0)
FN:34,(anonymous_1)
FN:48,(anonymous_2)
FN:62,(anonymous_3)
FN:82,(anonymous_4)
FN:101,(anonymous_5)
FN:124,(anonymous_6)
FNF:7
FNH:7
FNDA:15,(anonymous_0)
FNDA:3,(anonymous_1)
FNDA:3,(anonymous_2)
FNDA:3,(anonymous_3)
FNDA:3,(anonymous_4)
FNDA:3,(anonymous_5)
FNDA:1,(anonymous_6)
DA:5,1
DA:8,1
DA:9,1
DA:10,1
DA:13,1
DA:14,1
DA:15,1
DA:18,1
DA:21,1
DA:24,1
DA:27,1
DA:28,15
DA:29,15
DA:30,15
DA:34,1
DA:37,3
DA:40,3
DA:43,3
DA:44,3
DA:48,1
DA:51,3
DA:54,3
DA:57,3
DA:58,3
DA:62,1
DA:65,3
DA:68,3
DA:70,3
DA:72,2
DA:73,2
DA:76,1
DA:77,1
DA:82,1
DA:85,3
DA:88,3
DA:90,3
DA:92,2
DA:93,2
DA:95,1
DA:96,1
DA:101,1
DA:104,3
DA:107,3
DA:109,3
DA:111,2
DA:112,2
DA:114,1
DA:115,1
DA:120,1
DA:121,1
DA:124,1
DA:127,1
LF:52
LH:52
BRDA:70,0,0,2
BRDA:70,0,1,1
BRDA:90,1,0,2
BRDA:90,1,1,1
BRDA:109,2,0,2
BRDA:109,2,1,1
BRF:6
BRH:6
end_of_record
TN:
SF:/home/genaro/Desktop/340CT/bedenkog-local-news-comments/modules/comments-controller.js
FN:9,(anonymous_0)
FN:12,(anonymous_1)
FN:13,(anonymous_2)
FN:21,(anonymous_3)
FN:24,(anonymous_4)
FN:25,(anonymous_5)
FN:33,(anonymous_6)
FN:38,(anonymous_7)
FN:48,(anonymous_8)
FN:51,(anonymous_9)
FN:52,(anonymous_10)
FN:60,(anonymous_11)
FN:63,(anonymous_12)
FN:64,(anonymous_13)
FNF:14
FNH:14
FNDA:2,(anonymous_0)
FNDA:1,(anonymous_1)
FNDA:1,(anonymous_2)
FNDA:2,(anonymous_3)
FNDA:1,(anonymous_4)
FNDA:1,(anonymous_5)
FNDA:1,(anonymous_6)
FNDA:1,(anonymous_7)
FNDA:3,(anonymous_8)
FNDA:1,(anonymous_9)
FNDA:2,(anonymous_10)
FNDA:2,(anonymous_11)
FNDA:1,(anonymous_12)
FNDA:1,(anonymous_13)
DA:3,2
DA:4,2
DA:6,2
DA:9,2
DA:11,2
DA:12,1
DA:13,1
DA:15,2
DA:17,2
DA:21,2
DA:23,2
DA:24,1
DA:25,1
DA:27,2
DA:29,2
DA:33,2
DA:37,1
DA:38,1
DA:41,1
DA:44,1
DA:48,2
DA:50,3
DA:51,1
DA:52,2
DA:54,3
DA:56,3
DA:60,2
DA:62,2
DA:63,1
DA:64,1
DA:66,2
DA:68,2
LF:32
LH:32
BRF:0
BRH:0
end_of_record
TN:
SF:/home/genaro/Desktop/340CT/bedenkog-local-news-comments/modules/comments-db.js
FN:10,(anonymous_0)
FN:10,(anonymous_1)
FN:16,(anonymous_2)
FN:23,(anonymous_3)
FN:36,(anonymous_4)
FN:36,(anonymous_5)
FN:40,(anonymous_6)
FN:50,(anonymous_7)
FN:62,(anonymous_8)
FN:62,(anonymous_9)
FN:64,(anonymous_10)
FN:71,(anonymous_11)
FN:83,(anonymous_12)
FN:83,(anonymous_13)
FN:87,(anonymous_14)
FN:94,(anonymous_15)
FN:107,(anonymous_16)
FN:107,(anonymous_17)
FN:111,(anonymous_18)
FN:118,(anonymous_19)
FN:131,(anonymous_20)
FN:131,(anonymous_21)
FN:133,(anonymous_22)
FN:137,(anonymous_23)
FNF:24
FNH:24
FNDA:6,(anonymous_0)
FNDA:6,(anonymous_1)
FNDA:6,(anonymous_2)
FNDA:5,(anonymous_3)
FNDA:2,(anonymous_4)
FNDA:2,(anonymous_5)
FNDA:2,(anonymous_6)
FNDA:1,(anonymous_7)
FNDA:2,(anonymous_8)
FNDA:2,(anonymous_9)
FNDA:2,(anonymous_10)
FNDA:1,(anonymous_11)
FNDA:2,(anonymous_12)
FNDA:2,(anonymous_13)
FNDA:2,(anonymous_14)
FNDA:1,(anonymous_15)
FNDA:7,(anonymous_16)
FNDA:7,(anonymous_17)
FNDA:7,(anonymous_18)
FNDA:6,(anonymous_19)
FNDA:6,(anonymous_20)
FNDA:6,(anonymous_21)
FNDA:6,(anonymous_22)
FNDA:6,(anonymous_23)
DA:4,3
DA:5,3
DA:7,3
DA:10,6
DA:12,6
DA:16,6
DA:18,6
DA:20,6
DA:21,6
DA:23,5
DA:24,5
DA:25,5
DA:26,5
DA:30,1
DA:36,3
DA:40,2
DA:42,2
DA:44,2
DA:46,2
DA:50,1
DA:51,1
DA:52,1
DA:56,1
DA:62,3
DA:64,2
DA:66,2
DA:68,2
DA:69,2
DA:71,1
DA:72,1
DA:73,1
DA:77,1
DA:83,3
DA:87,2
DA:89,2
DA:91,2
DA:92,2
DA:94,1
DA:95,1
DA:96,1
DA:97,1
DA:101,1
DA:107,7
DA:111,7
DA:113,7
DA:115,7
DA:116,7
DA:118,6
DA:119,6
DA:120,6
DA:121,6
DA:125,1
DA:131,6
DA:133,6
DA:135,6
DA:137,6
DA:138,6
DA:139,6
LF:58
LH:58
BRDA:18,0,0,1
BRDA:18,0,1,5
BRDA:42,1,0,1
BRDA:42,1,1,1
BRDA:66,2,0,1
BRDA:66,2,1,1
BRDA:89,3,0,1
BRDA:89,3,1,1
BRDA:113,4,0,1
BRDA:113,4,1,6
BRF:10
BRH:10
end_of_record
