TN:
SF:/home/genaro/Desktop/340CT/bedenkog-local-news-comments/comments-api.js
FN:27,(anonymous_0)
FN:34,(anonymous_1)
FN:48,(anonymous_2)
FN:62,(anonymous_3)
FN:76,(anonymous_4)
FN:90,(anonymous_5)
FN:108,(anonymous_6)
FNF:7
FNH:7
FNDA:10,(anonymous_0)
FNDA:2,(anonymous_1)
FNDA:2,(anonymous_2)
FNDA:2,(anonymous_3)
FNDA:2,(anonymous_4)
FNDA:2,(anonymous_5)
FNDA:1,(anonymous_6)
DA:5,1
DA:8,1
DA:9,1
DA:10,1
DA:13,1
DA:14,1
DA:15,1
DA:18,1
DA:21,1
DA:24,1
DA:27,1
DA:28,10
DA:29,10
DA:30,10
DA:34,1
DA:37,2
DA:40,2
DA:43,2
DA:44,2
DA:48,1
DA:51,2
DA:54,2
DA:57,2
DA:58,2
DA:62,1
DA:65,2
DA:68,2
DA:71,2
DA:72,2
DA:76,1
DA:79,2
DA:82,2
DA:85,2
DA:86,2
DA:90,1
DA:93,2
DA:96,2
DA:99,2
DA:100,2
DA:104,1
DA:105,1
DA:108,1
DA:111,1
LF:43
LH:43
BRF:0
BRH:0
end_of_record
TN:
SF:/home/genaro/Desktop/340CT/bedenkog-local-news-comments/modules/comments-controller.js
FN:9,(anonymous_0)
FN:12,(anonymous_1)
FN:20,(anonymous_2)
FN:23,(anonymous_3)
FN:31,(anonymous_4)
FN:36,(anonymous_5)
FN:46,(anonymous_6)
FN:49,(anonymous_7)
FN:57,(anonymous_8)
FN:60,(anonymous_9)
FNF:10
FNH:10
FNDA:1,(anonymous_0)
FNDA:1,(anonymous_1)
FNDA:1,(anonymous_2)
FNDA:1,(anonymous_3)
FNDA:1,(anonymous_4)
FNDA:1,(anonymous_5)
FNDA:1,(anonymous_6)
FNDA:1,(anonymous_7)
FNDA:1,(anonymous_8)
FNDA:1,(anonymous_9)
DA:3,2
DA:4,2
DA:6,2
DA:9,2
DA:11,1
DA:12,1
DA:14,1
DA:16,1
DA:20,2
DA:22,1
DA:23,1
DA:25,1
DA:27,1
DA:31,2
DA:35,1
DA:36,1
DA:39,1
DA:42,1
DA:46,2
DA:48,1
DA:49,1
DA:51,1
DA:53,1
DA:57,2
DA:59,1
DA:60,1
DA:62,1
DA:64,1
LF:28
LH:28
BRF:0
BRH:0
end_of_record
TN:
SF:/home/genaro/Desktop/340CT/bedenkog-local-news-comments/modules/comments-db.js
FN:10,(anonymous_0)
FN:10,(anonymous_1)
FN:16,(anonymous_2)
FN:20,(anonymous_3)
FN:29,(anonymous_4)
FN:29,(anonymous_5)
FN:33,(anonymous_6)
FN:40,(anonymous_7)
FN:49,(anonymous_8)
FN:49,(anonymous_9)
FN:51,(anonymous_10)
FN:55,(anonymous_11)
FN:63,(anonymous_12)
FN:63,(anonymous_13)
FN:67,(anonymous_14)
FN:71,(anonymous_15)
FN:80,(anonymous_16)
FN:80,(anonymous_17)
FN:84,(anonymous_18)
FN:88,(anonymous_19)
FN:97,(anonymous_20)
FN:97,(anonymous_21)
FN:99,(anonymous_22)
FN:103,(anonymous_23)
FNF:24
FNH:24
FNDA:5,(anonymous_0)
FNDA:5,(anonymous_1)
FNDA:5,(anonymous_2)
FNDA:5,(anonymous_3)
FNDA:1,(anonymous_4)
FNDA:1,(anonymous_5)
FNDA:1,(anonymous_6)
FNDA:1,(anonymous_7)
FNDA:1,(anonymous_8)
FNDA:1,(anonymous_9)
FNDA:1,(anonymous_10)
FNDA:1,(anonymous_11)
FNDA:1,(anonymous_12)
FNDA:1,(anonymous_13)
FNDA:1,(anonymous_14)
FNDA:1,(anonymous_15)
FNDA:6,(anonymous_16)
FNDA:6,(anonymous_17)
FNDA:5,(anonymous_18)
FNDA:5,(anonymous_19)
FNDA:6,(anonymous_20)
FNDA:6,(anonymous_21)
FNDA:6,(anonymous_22)
FNDA:6,(anonymous_23)
DA:4,3
DA:5,3
DA:7,3
DA:10,5
DA:12,5
DA:16,5
DA:18,5
DA:20,5
DA:21,5
DA:22,5
DA:23,5
DA:29,3
DA:33,1
DA:36,1
DA:40,1
DA:41,1
DA:42,1
DA:49,3
DA:51,1
DA:53,1
DA:55,1
DA:56,1
DA:57,1
DA:63,3
DA:67,1
DA:69,1
DA:71,1
DA:72,1
DA:73,1
DA:74,1
DA:80,6
DA:84,6
DA:86,5
DA:88,5
DA:89,5
DA:90,5
DA:91,5
DA:97,6
DA:99,6
DA:101,6
DA:103,6
DA:104,6
DA:105,6
LF:43
LH:43
BRF:0
BRH:0
end_of_record
